Test025,Exception:AssertionError
Test029,Exception:AssertionError
Test001,Parameter length is :0
Test031,Exception:AssertionError
Test016,Exception:AssertionError
Test015,Exception:AssertionError
Test003,object size is :0
Test006,Exception:ComparisonFailure
Test018,Exception:AssertionError
Test017,Exception:AssertionError
Test007,param length is :1
Test021,Exception:AssertionError
Test020,Exception:AssertionError
Test026,Exception:AssertionError
Test011,Exception:AssertionError
Test013,Exception:AssertionError
Test005,param length is :2
Test008,Exception:AssertionError
Test024,Exception:AssertionError
Test004,Exception:ComparisonFailure
Test027,Exception:AssertionError
Test014,Exception:AssertionError
Test019,Exception:AssertionError
Test002,Exception:AssertionError
Test023,Exception:AssertionError
Test022,Exception:AssertionError
Test010,Exception:AssertionError
Test030,Exception:AssertionError
Test028,Exception:AssertionError
Test009,object size is :1
Test012,Exception:AssertionError
Test032,Exception:IndexOutofBounds