Test002,Exception :AssertionError
Test010,Exception :AssertionError
